INFO 2026-07-03 03:12:37,514 autoreload Watching for file changes with StatReloader
WARNING 2026-07-03 03:12:39,806 log Not Found: /
WARNING 2026-07-03 03:12:39,806 log "GET / HTTP/1.1" 404 3329
INFO 2026-07-03 03:13:11,420 log "GET /api/users HTTP/1.1" 301 0
WARNING 2026-07-03 03:13:11,458 log Unauthorized: /api/users/
WARNING 2026-07-03 03:13:11,459 log "GET /api/users/ HTTP/1.1" 401 5148
INFO 2026-07-03 03:13:11,529 log "GET /static/rest_framework/js/ajax-form.js HTTP/1.1" 200 3796
INFO 2026-07-03 03:13:11,529 log "GET /static/rest_framework/css/default.css HTTP/1.1" 200 1152
INFO 2026-07-03 03:13:11,530 log "GET /static/rest_framework/css/prettify.css HTTP/1.1" 200 817
INFO 2026-07-03 03:13:11,530 log "GET /static/rest_framework/css/bootstrap-tweaks.css HTTP/1.1" 200 3426
INFO 2026-07-03 03:13:11,530 log "GET /static/rest_framework/js/jquery-3.7.1.min.js HTTP/1.1" 200 87533
INFO 2026-07-03 03:13:11,531 log "GET /static/rest_framework/css/bootstrap.min.css HTTP/1.1" 200 121457
INFO 2026-07-03 03:13:11,536 log "GET /static/rest_framework/js/default.js HTTP/1.1" 200 1268
INFO 2026-07-03 03:13:11,537 log "GET /static/rest_framework/js/csrf.js HTTP/1.1" 200 1793
INFO 2026-07-03 03:13:11,538 log "GET /static/rest_framework/js/prettify-min.js HTTP/1.1" 200 13632
INFO 2026-07-03 03:13:11,538 log "GET /static/rest_framework/js/load-ajax-form.js HTTP/1.1" 200 59
INFO 2026-07-03 03:13:11,538 log "GET /static/rest_framework/js/bootstrap.min.js HTTP/1.1" 200 39680
INFO 2026-07-03 03:13:11,559 log "GET /static/rest_framework/img/grid.png HTTP/1.1" 200 1458
INFO 2026-07-03 03:13:46,557 log "GET /api/schema/swagger-ui/ HTTP/1.1" 200 4647
INFO 2026-07-03 03:13:47,595 log "GET /api/schema/ HTTP/1.1" 200 36907
INFO 2026-07-03 05:30:08,621 autoreload Watching for file changes with StatReloader
WARNING 2026-07-03 05:35:09,883 log Not Found: /
WARNING 2026-07-03 05:35:09,884 log "GET / HTTP/1.1" 404 3329
INFO 2026-07-03 05:38:31,966 log "GET /api/schema/swagger-ui/ HTTP/1.1" 200 4647
INFO 2026-07-03 05:38:32,781 log "GET /api/schema/ HTTP/1.1" 200 36803
INFO 2026-07-03 05:38:52,681 log "POST /api/auth/login/ HTTP/1.1" 200 489
WARNING 2026-07-03 05:39:41,346 log Not Found: /a
WARNING 2026-07-03 05:39:41,347 log "POST /a HTTP/1.1" 404 3351
WARNING 2026-07-03 05:39:51,199 log Not Found: /a
WARNING 2026-07-03 05:39:51,199 log "POST /a HTTP/1.1" 404 3351
WARNING 2026-07-03 05:40:05,680 log Not Found: /a
WARNING 2026-07-03 05:40:05,680 log "POST /a HTTP/1.1" 404 3351
WARNING 2026-07-03 05:40:41,835 log Not Found: /a
WARNING 2026-07-03 05:40:41,836 log "POST /a HTTP/1.1" 404 3351
WARNING 2026-07-03 05:42:07,612 log Not Found: /a
WARNING 2026-07-03 05:42:07,612 log "POST /a HTTP/1.1" 404 3351
WARNING 2026-07-03 05:43:13,750 log Bad Request: /api/auth/login/
WARNING 2026-07-03 05:43:13,750 log "POST /api/auth/login/ HTTP/1.1" 400 37
WARNING 2026-07-03 05:43:22,447 log Bad Request: /api/auth/login/
WARNING 2026-07-03 05:43:22,448 log "POST /api/auth/login/ HTTP/1.1" 400 37
INFO 2026-07-03 05:43:31,196 log "POST /api/auth/login/ HTTP/1.1" 200 489
WARNING 2026-07-03 05:44:57,283 log Not Found: /a
WARNING 2026-07-03 05:44:57,283 log "POST /a HTTP/1.1" 404 3351
WARNING 2026-07-03 05:45:35,981 log Not Found: /a
WARNING 2026-07-03 05:45:35,982 log "POST /a HTTP/1.1" 404 3351
WARNING 2026-07-03 05:46:43,310 log Not Found: /a
WARNING 2026-07-03 05:46:43,310 log "POST /a HTTP/1.1" 404 3351
WARNING 2026-07-03 05:46:47,391 log Not Found: /a
WARNING 2026-07-03 05:46:47,391 log "POST /a HTTP/1.1" 404 3351
WARNING 2026-07-03 05:46:56,363 log Not Found: /a
WARNING 2026-07-03 05:46:56,364 log "POST /a HTTP/1.1" 404 3351
WARNING 2026-07-03 05:48:42,768 log Not Found: /a
WARNING 2026-07-03 05:48:42,768 log "POST /a HTTP/1.1" 404 3351
INFO 2026-07-03 06:14:53,146 autoreload Watching for file changes with StatReloader
WARNING 2026-07-03 06:14:58,930 log Not Found: /a
WARNING 2026-07-03 06:14:58,931 log "POST /a HTTP/1.1" 404 3351
WARNING 2026-07-03 06:15:46,271 log Not Found: /a
WARNING 2026-07-03 06:15:46,272 log "POST /a HTTP/1.1" 404 3351
WARNING 2026-07-03 06:17:22,132 log Not Found: /a
WARNING 2026-07-03 06:17:22,133 log "POST /a HTTP/1.1" 404 3351
INFO 2026-07-03 06:20:41,967 log "POST /api/auth/login/ HTTP/1.1" 200 489
INFO 2026-07-03 06:27:41,868 autoreload Watching for file changes with StatReloader
INFO 2026-07-03 06:34:40,230 log "POST /api/auth/login/ HTTP/1.1" 200 489
INFO 2026-07-03 07:19:10,441 autoreload Watching for file changes with StatReloader
ERROR 2026-07-03 07:21:45,911 log Invalid HTTP_HOST header: '192.168.1.8:8000'. You may need to add '192.168.1.8' to ALLOWED_HOSTS.
Traceback (most recent call last):
  File "/home/luisvc/University programming/Pierinelli app movil/pierinelli-backend/env/lib/python3.12/site-packages/django/core/handlers/exception.py", line 55, in inner
    response = get_response(request)
               ^^^^^^^^^^^^^^^^^^^^^
  File "/home/luisvc/University programming/Pierinelli app movil/pierinelli-backend/env/lib/python3.12/site-packages/django/utils/deprecation.py", line 308, in __call__
    response = self.process_request(request)
               ^^^^^^^^^^^^^^^^^^^^^^^^^^^^^
  File "/home/luisvc/University programming/Pierinelli app movil/pierinelli-backend/env/lib/python3.12/site-packages/django/middleware/common.py", line 48, in process_request
    host = request.get_host()
           ^^^^^^^^^^^^^^^^^^
  File "/home/luisvc/University programming/Pierinelli app movil/pierinelli-backend/env/lib/python3.12/site-packages/django/http/request.py", line 206, in get_host
    raise DisallowedHost(msg)
django.core.exceptions.DisallowedHost: Invalid HTTP_HOST header: '192.168.1.8:8000'. You may need to add '192.168.1.8' to ALLOWED_HOSTS.
WARNING 2026-07-03 07:21:45,912 log "POST /api/auth/login/ HTTP/1.1" 400 77273
INFO 2026-07-03 07:23:24,149 autoreload /home/luisvc/University programming/Pierinelli app movil/pierinelli-backend/pierinelli_backend/settings.py changed, reloading.
INFO 2026-07-03 07:23:24,421 autoreload Watching for file changes with StatReloader
INFO 2026-07-03 07:24:08,314 autoreload Watching for file changes with StatReloader
INFO 2026-07-03 07:24:24,210 log "POST /api/auth/login/ HTTP/1.1" 200 489
INFO 2026-07-03 07:25:31,051 log "POST /api/auth/login/ HTTP/1.1" 200 489
INFO 2026-07-03 07:25:36,199 log "POST /api/auth/login/ HTTP/1.1" 200 489
INFO 2026-07-03 07:25:47,550 log "POST /api/auth/login/ HTTP/1.1" 200 489
INFO 2026-07-03 07:26:01,613 log "POST /api/auth/login/ HTTP/1.1" 200 489
WARNING 2026-07-03 07:35:54,598 log Unauthorized: /api/users/1/
WARNING 2026-07-03 07:35:54,598 log "GET /api/users/1/ HTTP/1.1" 401 172
ERROR 2026-07-03 07:36:39,068 log Invalid HTTP_HOST header: '0.0.0.0:8000'. You may need to add '0.0.0.0' to ALLOWED_HOSTS.
Traceback (most recent call last):
  File "/home/luisvc/University programming/Pierinelli app movil/pierinelli-backend/env/lib/python3.12/site-packages/django/core/handlers/exception.py", line 55, in inner
    response = get_response(request)
               ^^^^^^^^^^^^^^^^^^^^^
  File "/home/luisvc/University programming/Pierinelli app movil/pierinelli-backend/env/lib/python3.12/site-packages/django/utils/deprecation.py", line 308, in __call__
    response = self.process_request(request)
               ^^^^^^^^^^^^^^^^^^^^^^^^^^^^^
  File "/home/luisvc/University programming/Pierinelli app movil/pierinelli-backend/env/lib/python3.12/site-packages/django/middleware/common.py", line 48, in process_request
    host = request.get_host()
           ^^^^^^^^^^^^^^^^^^
  File "/home/luisvc/University programming/Pierinelli app movil/pierinelli-backend/env/lib/python3.12/site-packages/django/http/request.py", line 206, in get_host
    raise DisallowedHost(msg)
django.core.exceptions.DisallowedHost: Invalid HTTP_HOST header: '0.0.0.0:8000'. You may need to add '0.0.0.0' to ALLOWED_HOSTS.
WARNING 2026-07-03 07:36:39,070 log "GET / HTTP/1.1" 400 77943
ERROR 2026-07-03 07:36:39,229 log Invalid HTTP_HOST header: '0.0.0.0:8000'. You may need to add '0.0.0.0' to ALLOWED_HOSTS.
Traceback (most recent call last):
  File "/home/luisvc/University programming/Pierinelli app movil/pierinelli-backend/env/lib/python3.12/site-packages/django/core/handlers/exception.py", line 55, in inner
    response = get_response(request)
               ^^^^^^^^^^^^^^^^^^^^^
  File "/home/luisvc/University programming/Pierinelli app movil/pierinelli-backend/env/lib/python3.12/site-packages/django/utils/deprecation.py", line 308, in __call__
    response = self.process_request(request)
               ^^^^^^^^^^^^^^^^^^^^^^^^^^^^^
  File "/home/luisvc/University programming/Pierinelli app movil/pierinelli-backend/env/lib/python3.12/site-packages/django/middleware/common.py", line 48, in process_request
    host = request.get_host()
           ^^^^^^^^^^^^^^^^^^
  File "/home/luisvc/University programming/Pierinelli app movil/pierinelli-backend/env/lib/python3.12/site-packages/django/http/request.py", line 206, in get_host
    raise DisallowedHost(msg)
django.core.exceptions.DisallowedHost: Invalid HTTP_HOST header: '0.0.0.0:8000'. You may need to add '0.0.0.0' to ALLOWED_HOSTS.
WARNING 2026-07-03 07:36:39,232 log "GET /favicon.ico HTTP/1.1" 400 77667
ERROR 2026-07-03 07:36:55,016 log Invalid HTTP_HOST header: '0.0.0.0:8000'. You may need to add '0.0.0.0' to ALLOWED_HOSTS.
Traceback (most recent call last):
  File "/home/luisvc/University programming/Pierinelli app movil/pierinelli-backend/env/lib/python3.12/site-packages/django/core/handlers/exception.py", line 55, in inner
    response = get_response(request)
               ^^^^^^^^^^^^^^^^^^^^^
  File "/home/luisvc/University programming/Pierinelli app movil/pierinelli-backend/env/lib/python3.12/site-packages/django/utils/deprecation.py", line 308, in __call__
    response = self.process_request(request)
               ^^^^^^^^^^^^^^^^^^^^^^^^^^^^^
  File "/home/luisvc/University programming/Pierinelli app movil/pierinelli-backend/env/lib/python3.12/site-packages/django/middleware/common.py", line 48, in process_request
    host = request.get_host()
           ^^^^^^^^^^^^^^^^^^
  File "/home/luisvc/University programming/Pierinelli app movil/pierinelli-backend/env/lib/python3.12/site-packages/django/http/request.py", line 206, in get_host
    raise DisallowedHost(msg)
django.core.exceptions.DisallowedHost: Invalid HTTP_HOST header: '0.0.0.0:8000'. You may need to add '0.0.0.0' to ALLOWED_HOSTS.
WARNING 2026-07-03 07:36:55,017 log "GET /api/schema/swagger-ui/ HTTP/1.1" 400 78307
WARNING 2026-07-03 07:37:54,188 log Unauthorized: /api/auth/login/
WARNING 2026-07-03 07:37:54,189 log "POST /api/auth/login/ HTTP/1.1" 401 63
INFO 2026-07-03 07:38:26,050 log "POST /api/auth/login/ HTTP/1.1" 200 489
INFO 2026-07-03 07:39:47,692 log "GET /api/users/1/ HTTP/1.1" 200 94
INFO 2026-07-03 07:44:18,693 log "POST /api/auth/login/ HTTP/1.1" 200 489
INFO 2026-07-03 07:46:15,020 log "POST /api/auth/login/ HTTP/1.1" 200 489
INFO 2026-07-03 07:49:50,767 log "POST /api/auth/login/ HTTP/1.1" 200 489
WARNING 2026-07-03 07:49:50,828 log Unauthorized: /api/users/1/
WARNING 2026-07-03 07:49:50,828 log "GET /api/users/1/ HTTP/1.1" 401 172
INFO 2026-07-03 07:51:06,609 log "POST /api/auth/login/ HTTP/1.1" 200 489
INFO 2026-07-03 07:51:06,934 log "GET /api/users/1/ HTTP/1.1" 200 94
INFO 2026-07-03 07:51:07,800 log "GET /api/products/ HTTP/1.1" 200 504
INFO 2026-07-03 07:51:08,705 log "GET /api/products/ HTTP/1.1" 200 504
INFO 2026-07-03 07:52:41,706 log "GET /api/products/ HTTP/1.1" 200 504
INFO 2026-07-03 07:53:08,597 log "PUT /api/products/1/ HTTP/1.1" 200 298
INFO 2026-07-03 07:53:08,954 log "GET /api/products/ HTTP/1.1" 200 551
WARNING 2026-07-03 07:53:09,146 log Not Found: /media/products/photo.jpeg
WARNING 2026-07-03 07:53:09,147 log "GET /media/products/photo.jpeg HTTP/1.1" 404 3424
INFO 2026-07-03 07:53:12,902 log "GET /api/products/ HTTP/1.1" 200 551
WARNING 2026-07-03 07:53:13,004 log Not Found: /media/products/photo.jpeg
WARNING 2026-07-03 07:53:13,004 log "GET /media/products/photo.jpeg HTTP/1.1" 404 3424
INFO 2026-07-03 07:53:17,623 log "GET /api/products/ HTTP/1.1" 200 551
WARNING 2026-07-03 07:53:17,717 log Not Found: /media/products/photo.jpeg
WARNING 2026-07-03 07:53:17,717 log "GET /media/products/photo.jpeg HTTP/1.1" 404 3424
WARNING 2026-07-03 07:53:43,946 log Bad Request: /api/products/2/
WARNING 2026-07-03 07:53:43,946 log "PUT /api/products/2/ HTTP/1.1" 400 36
INFO 2026-07-03 07:53:49,886 log "GET /api/products/ HTTP/1.1" 200 551
WARNING 2026-07-03 07:53:49,989 log Not Found: /media/products/photo.jpeg
WARNING 2026-07-03 07:53:49,989 log "GET /media/products/photo.jpeg HTTP/1.1" 404 3424
WARNING 2026-07-03 07:53:52,676 log Not Found: /media/products/photo.jpeg
WARNING 2026-07-03 07:53:52,677 log "GET /media/products/photo.jpeg HTTP/1.1" 404 3424
INFO 2026-07-03 23:16:51,205 autoreload Watching for file changes with StatReloader
WARNING 2026-07-03 23:17:37,769 log Unauthorized: /api/products/
WARNING 2026-07-03 23:17:37,769 log "GET /api/products/ HTTP/1.1" 401 172
WARNING 2026-07-03 23:17:40,157 log Unauthorized: /api/products/
WARNING 2026-07-03 23:17:40,158 log "GET /api/products/ HTTP/1.1" 401 172
WARNING 2026-07-03 23:17:45,277 log Unauthorized: /api/sales/
WARNING 2026-07-03 23:17:45,278 log "GET /api/sales/ HTTP/1.1" 401 172
WARNING 2026-07-03 23:17:55,709 log Unauthorized: /api/users/
WARNING 2026-07-03 23:17:55,709 log "GET /api/users/ HTTP/1.1" 401 172
WARNING 2026-07-03 23:21:56,917 log Unauthorized: /api/products/
WARNING 2026-07-03 23:21:56,917 log "GET /api/products/ HTTP/1.1" 401 172
INFO 2026-07-03 23:22:58,373 log "POST /api/auth/login/ HTTP/1.1" 200 489
INFO 2026-07-03 23:22:58,699 log "GET /api/users/1/ HTTP/1.1" 200 94
INFO 2026-07-03 23:22:59,218 log "GET /api/products/ HTTP/1.1" 200 551
INFO 2026-07-03 23:22:59,474 log "GET /api/products/ HTTP/1.1" 200 551
WARNING 2026-07-03 23:23:00,147 log Not Found: /media/products/photo.jpeg
WARNING 2026-07-03 23:23:00,147 log "GET /media/products/photo.jpeg HTTP/1.1" 404 3424
INFO 2026-07-03 23:23:28,094 log "PUT /api/products/2/ HTTP/1.1" 200 305
INFO 2026-07-03 23:23:28,495 log "GET /api/products/ HTTP/1.1" 200 606
WARNING 2026-07-03 23:23:28,578 log Not Found: /media/products/photo.jpeg
WARNING 2026-07-03 23:23:28,579 log "GET /media/products/photo.jpeg HTTP/1.1" 404 3424
WARNING 2026-07-03 23:23:28,582 log Not Found: /media/products/photo_Vioch4P.jpeg
WARNING 2026-07-03 23:23:28,583 log "GET /media/products/photo_Vioch4P.jpeg HTTP/1.1" 404 3448
WARNING 2026-07-03 23:24:30,106 log Not Found: /media/products/photo_Vioch4P.jpeg
WARNING 2026-07-03 23:24:30,108 log Not Found: /media/products/photo.jpeg
WARNING 2026-07-03 23:24:30,108 log "GET /media/products/photo_Vioch4P.jpeg HTTP/1.1" 404 3448
WARNING 2026-07-03 23:24:30,108 log "GET /media/products/photo.jpeg HTTP/1.1" 404 3424
INFO 2026-07-03 23:27:01,449 log "GET /api/products/ HTTP/1.1" 200 606
WARNING 2026-07-03 23:27:01,591 log Not Found: /media/products/photo.jpeg
WARNING 2026-07-03 23:27:01,591 log "GET /media/products/photo.jpeg HTTP/1.1" 404 3424
WARNING 2026-07-03 23:27:01,593 log Not Found: /media/products/photo_Vioch4P.jpeg
WARNING 2026-07-03 23:27:01,593 log "GET /media/products/photo_Vioch4P.jpeg HTTP/1.1" 404 3448
WARNING 2026-07-03 23:27:04,971 log Not Found: /media/products/photo.jpeg
WARNING 2026-07-03 23:27:04,973 log Not Found: /media/products/photo_Vioch4P.jpeg
WARNING 2026-07-03 23:27:04,973 log "GET /media/products/photo.jpeg HTTP/1.1" 404 3424
WARNING 2026-07-03 23:27:04,974 log "GET /media/products/photo_Vioch4P.jpeg HTTP/1.1" 404 3448
INFO 2026-07-03 23:27:17,828 log "GET /api/products/ HTTP/1.1" 200 606
WARNING 2026-07-03 23:27:18,591 log Not Found: /media/products/photo_Vioch4P.jpeg
WARNING 2026-07-03 23:27:18,595 log Not Found: /media/products/photo.jpeg
WARNING 2026-07-03 23:27:18,595 log "GET /media/products/photo.jpeg HTTP/1.1" 404 3424
WARNING 2026-07-03 23:27:18,595 log "GET /media/products/photo_Vioch4P.jpeg HTTP/1.1" 404 3448
WARNING 2026-07-03 23:27:44,593 log Not Found: /media/products/photo_Vioch4P.jpeg
WARNING 2026-07-03 23:27:44,593 log "GET /media/products/photo_Vioch4P.jpeg HTTP/1.1" 404 3448
WARNING 2026-07-03 23:28:14,734 log Unauthorized: /api/products/2/
WARNING 2026-07-03 23:28:14,758 log "PUT /api/products/2/ HTTP/1.1" 401 172
INFO 2026-07-03 23:28:25,720 log "POST /api/auth/login/ HTTP/1.1" 200 489
INFO 2026-07-03 23:28:26,012 log "GET /api/users/1/ HTTP/1.1" 200 94
INFO 2026-07-03 23:28:26,423 log "GET /api/products/ HTTP/1.1" 200 606
INFO 2026-07-03 23:28:26,610 log "GET /api/products/ HTTP/1.1" 200 606
WARNING 2026-07-03 23:28:26,739 log Not Found: /media/products/photo.jpeg
WARNING 2026-07-03 23:28:26,741 log Not Found: /media/products/photo_Vioch4P.jpeg
WARNING 2026-07-03 23:28:26,742 log "GET /media/products/photo.jpeg HTTP/1.1" 404 3424
WARNING 2026-07-03 23:28:26,742 log "GET /media/products/photo_Vioch4P.jpeg HTTP/1.1" 404 3448
WARNING 2026-07-03 23:28:28,166 log Not Found: /media/products/photo_Vioch4P.jpeg
WARNING 2026-07-03 23:28:28,166 log "GET /media/products/photo_Vioch4P.jpeg HTTP/1.1" 404 3448
WARNING 2026-07-03 23:28:32,521 log Not Found: /media/products/photo_Vioch4P.jpeg
WARNING 2026-07-03 23:28:32,521 log "GET /media/products/photo_Vioch4P.jpeg HTTP/1.1" 404 3448
INFO 2026-07-03 23:28:36,297 log "PUT /api/products/2/ HTTP/1.1" 200 305
INFO 2026-07-03 23:28:36,548 log "GET /api/products/ HTTP/1.1" 200 606
WARNING 2026-07-03 23:28:36,621 log Not Found: /media/products/photo.jpeg
WARNING 2026-07-03 23:28:36,623 log Not Found: /media/products/photo_z3wdAU2.jpeg
WARNING 2026-07-03 23:28:36,624 log "GET /media/products/photo.jpeg HTTP/1.1" 404 3424
WARNING 2026-07-03 23:28:36,624 log "GET /media/products/photo_z3wdAU2.jpeg HTTP/1.1" 404 3448
INFO 2026-07-03 23:28:39,422 log "GET /api/products/ HTTP/1.1" 200 606
WARNING 2026-07-03 23:28:39,490 log Not Found: /media/products/photo.jpeg
WARNING 2026-07-03 23:28:39,492 log Not Found: /media/products/photo_z3wdAU2.jpeg
WARNING 2026-07-03 23:28:39,492 log "GET /media/products/photo.jpeg HTTP/1.1" 404 3424
WARNING 2026-07-03 23:28:39,492 log "GET /media/products/photo_z3wdAU2.jpeg HTTP/1.1" 404 3448
INFO 2026-07-03 23:28:44,105 log "GET /api/sales/ HTTP/1.1" 200 2
INFO 2026-07-03 23:28:46,007 log "GET /api/users/ HTTP/1.1" 200 194
INFO 2026-07-03 23:28:47,847 log "GET /api/products/ HTTP/1.1" 200 606
WARNING 2026-07-03 23:28:47,929 log Not Found: /media/products/photo.jpeg
WARNING 2026-07-03 23:28:47,932 log Not Found: /media/products/photo_z3wdAU2.jpeg
WARNING 2026-07-03 23:28:47,932 log "GET /media/products/photo_z3wdAU2.jpeg HTTP/1.1" 404 3448
WARNING 2026-07-03 23:28:47,932 log "GET /media/products/photo.jpeg HTTP/1.1" 404 3424
WARNING 2026-07-03 23:28:49,620 log Not Found: /media/products/photo_z3wdAU2.jpeg
WARNING 2026-07-03 23:28:49,621 log "GET /media/products/photo_z3wdAU2.jpeg HTTP/1.1" 404 3448
WARNING 2026-07-03 23:29:00,977 log Not Found: /media/products/photo_z3wdAU2.jpeg
WARNING 2026-07-03 23:29:00,978 log "GET /media/products/photo_z3wdAU2.jpeg HTTP/1.1" 404 3448
INFO 2026-07-03 23:29:50,851 log "GET /api/products/ HTTP/1.1" 200 606
WARNING 2026-07-03 23:29:50,944 log Not Found: /media/products/photo.jpeg
WARNING 2026-07-03 23:29:50,946 log Not Found: /media/products/photo_z3wdAU2.jpeg
WARNING 2026-07-03 23:29:50,946 log "GET /media/products/photo.jpeg HTTP/1.1" 404 3424
WARNING 2026-07-03 23:29:50,946 log "GET /media/products/photo_z3wdAU2.jpeg HTTP/1.1" 404 3448
WARNING 2026-07-03 23:29:54,358 log Not Found: /media/products/photo.jpeg
WARNING 2026-07-03 23:29:54,360 log Not Found: /media/products/photo_z3wdAU2.jpeg
WARNING 2026-07-03 23:29:54,360 log "GET /media/products/photo_z3wdAU2.jpeg HTTP/1.1" 404 3448
WARNING 2026-07-03 23:29:54,361 log "GET /media/products/photo.jpeg HTTP/1.1" 404 3424
INFO 2026-07-03 23:31:11,646 log "GET /api/products/ HTTP/1.1" 200 606
WARNING 2026-07-03 23:31:12,442 log Not Found: /media/products/photo.jpeg
WARNING 2026-07-03 23:31:12,445 log Not Found: /media/products/photo_z3wdAU2.jpeg
WARNING 2026-07-03 23:31:12,445 log "GET /media/products/photo.jpeg HTTP/1.1" 404 3424
WARNING 2026-07-03 23:31:12,445 log "GET /media/products/photo_z3wdAU2.jpeg HTTP/1.1" 404 3448
WARNING 2026-07-03 23:31:16,662 log Not Found: /media/products/photo_z3wdAU2.jpeg
WARNING 2026-07-03 23:31:16,663 log "GET /media/products/photo_z3wdAU2.jpeg HTTP/1.1" 404 3448
WARNING 2026-07-03 23:31:20,759 log Not Found: /media/products/photo_z3wdAU2.jpeg
WARNING 2026-07-03 23:31:20,759 log "GET /media/products/photo_z3wdAU2.jpeg HTTP/1.1" 404 3448
INFO 2026-07-03 23:31:22,775 log "PUT /api/products/2/ HTTP/1.1" 200 305
INFO 2026-07-03 23:31:23,096 log "GET /api/products/ HTTP/1.1" 200 606
WARNING 2026-07-03 23:31:23,180 log Not Found: /media/products/photo.jpeg
WARNING 2026-07-03 23:31:23,182 log Not Found: /media/products/photo_n5P3jWH.jpeg
WARNING 2026-07-03 23:31:23,182 log "GET /media/products/photo.jpeg HTTP/1.1" 404 3424
WARNING 2026-07-03 23:31:23,182 log "GET /media/products/photo_n5P3jWH.jpeg HTTP/1.1" 404 3448
INFO 2026-07-03 23:50:52,332 autoreload Watching for file changes with StatReloader
INFO 2026-07-03 23:52:23,097 autoreload Watching for file changes with StatReloader
INFO 2026-07-03 23:52:50,910 autoreload Watching for file changes with StatReloader
WARNING 2026-07-03 23:53:33,562 log Unauthorized: /api/products/
WARNING 2026-07-03 23:53:33,562 log "GET /api/products/ HTTP/1.1" 401 172
INFO 2026-07-03 23:53:45,633 log "POST /api/auth/login/ HTTP/1.1" 200 489
INFO 2026-07-03 23:53:45,955 log "GET /api/users/1/ HTTP/1.1" 200 94
INFO 2026-07-03 23:53:46,388 log "GET /api/products/ HTTP/1.1" 200 606
INFO 2026-07-03 23:53:46,590 log "GET /api/products/ HTTP/1.1" 200 606
INFO 2026-07-03 23:53:47,259 log "GET /media/products/photo.jpeg HTTP/1.1" 200 54138
INFO 2026-07-03 23:53:47,259 log "GET /media/products/photo_n5P3jWH.jpeg HTTP/1.1" 200 92794
INFO 2026-07-03 23:54:00,714 log "GET /media/products/photo.jpeg HTTP/1.1" 200 54138
INFO 2026-07-03 23:54:01,310 log "PUT /api/products/1/ HTTP/1.1" 200 307
INFO 2026-07-03 23:54:01,602 log "GET /api/products/ HTTP/1.1" 200 615
INFO 2026-07-03 23:54:01,678 log "GET /media/products/photo_EGRm9yW.jpeg HTTP/1.1" 200 54138
INFO 2026-07-03 23:54:10,512 log "GET /media/products/photo_n5P3jWH.jpeg HTTP/1.1" 200 92794
INFO 2026-07-03 23:54:10,839 log "PUT /api/products/2/ HTTP/1.1" 200 306
INFO 2026-07-03 23:54:11,101 log "GET /api/products/ HTTP/1.1" 200 616
INFO 2026-07-03 23:54:11,181 log "GET /media/products/photo_abUZnXa.jpeg HTTP/1.1" 200 92794
INFO 2026-07-03 23:55:12,797 log "POST /api/products/ HTTP/1.1" 201 279
INFO 2026-07-03 23:55:13,094 log "GET /api/products/ HTTP/1.1" 200 896
INFO 2026-07-03 23:55:13,375 log "GET /media/products/photo_Xda7dZE.jpeg HTTP/1.1" 200 4179333
INFO 2026-07-03 23:55:18,720 log "GET /api/products/ HTTP/1.1" 200 896
INFO 2026-07-03 23:56:11,942 log "DELETE /api/products/3/ HTTP/1.1" 204 0
INFO 2026-07-03 23:56:12,214 log "GET /api/products/ HTTP/1.1" 200 616
INFO 2026-07-03 23:56:19,329 log "GET /api/sales/ HTTP/1.1" 200 2
INFO 2026-07-03 23:56:20,886 log "GET /api/users/ HTTP/1.1" 200 194
INFO 2026-07-03 23:56:27,946 log "GET /api/users/ HTTP/1.1" 200 194
INFO 2026-07-03 23:57:29,432 log "POST /api/users/ HTTP/1.1" 201 99
INFO 2026-07-03 23:57:29,809 log "GET /api/users/ HTTP/1.1" 200 294
INFO 2026-07-03 23:57:53,669 log "GET /api/users/ HTTP/1.1" 200 294
WARNING 2026-07-03 23:58:14,687 log Bad Request: /api/users/3/
WARNING 2026-07-03 23:58:14,687 log "PUT /api/users/3/ HTTP/1.1" 400 40
WARNING 2026-07-03 23:58:19,373 log Bad Request: /api/users/3/
WARNING 2026-07-03 23:58:19,373 log "PUT /api/users/3/ HTTP/1.1" 400 40
INFO 2026-07-03 23:58:21,536 log "GET /api/users/ HTTP/1.1" 200 294
WARNING 2026-07-03 23:58:38,609 log Bad Request: /api/users/3/
WARNING 2026-07-03 23:58:38,609 log "PUT /api/users/3/ HTTP/1.1" 400 40
WARNING 2026-07-04 00:01:35,821 log Unauthorized: /api/products/
WARNING 2026-07-04 00:01:35,822 log "GET /api/products/ HTTP/1.1" 401 172
INFO 2026-07-04 00:01:47,884 log "POST /api/auth/login/ HTTP/1.1" 200 489
INFO 2026-07-04 00:01:48,138 log "GET /api/users/1/ HTTP/1.1" 200 94
INFO 2026-07-04 00:01:48,603 log "GET /api/products/ HTTP/1.1" 200 616
INFO 2026-07-04 00:01:49,412 log "GET /api/products/ HTTP/1.1" 200 616
INFO 2026-07-04 00:01:52,716 log "GET /api/users/ HTTP/1.1" 200 294
WARNING 2026-07-04 00:02:10,101 log Bad Request: /api/users/3/
WARNING 2026-07-04 00:02:10,101 log "PUT /api/users/3/ HTTP/1.1" 400 45
INFO 2026-07-04 00:04:23,304 log "GET /api/products/ HTTP/1.1" 200 616
INFO 2026-07-04 00:04:25,910 log "GET /api/users/ HTTP/1.1" 200 294
WARNING 2026-07-04 00:04:38,563 log Bad Request: /api/users/3/
WARNING 2026-07-04 00:04:38,563 log "PUT /api/users/3/ HTTP/1.1" 400 40
INFO 2026-07-04 00:05:41,539 log "GET /api/users/ HTTP/1.1" 200 294
INFO 2026-07-04 00:05:43,157 log "GET /api/users/ HTTP/1.1" 200 294
INFO 2026-07-04 00:05:53,967 autoreload /home/luisvc/University programming/Pierinelli app movil/pierinelli-backend/users/serializers.py changed, reloading.
INFO 2026-07-04 00:05:54,282 autoreload Watching for file changes with StatReloader
INFO 2026-07-04 00:05:55,471 autoreload /home/luisvc/University programming/Pierinelli app movil/pierinelli-backend/users/serializers.py changed, reloading.
INFO 2026-07-04 00:05:55,752 autoreload Watching for file changes with StatReloader
INFO 2026-07-04 00:06:20,638 autoreload Watching for file changes with StatReloader
INFO 2026-07-04 00:06:48,623 log "GET /api/products/ HTTP/1.1" 200 616
WARNING 2026-07-04 00:06:51,023 log Unauthorized: /api/users/
WARNING 2026-07-04 00:06:51,024 log "GET /api/users/ HTTP/1.1" 401 172
INFO 2026-07-04 00:07:02,997 log "POST /api/auth/login/ HTTP/1.1" 200 489
INFO 2026-07-04 00:07:03,621 log "GET /api/users/1/ HTTP/1.1" 200 94
INFO 2026-07-04 00:07:04,253 log "GET /api/products/ HTTP/1.1" 200 616
INFO 2026-07-04 00:07:05,020 log "GET /api/products/ HTTP/1.1" 200 616
INFO 2026-07-04 00:07:07,612 log "GET /api/users/ HTTP/1.1" 200 294
INFO 2026-07-04 00:07:22,256 log "PUT /api/users/3/ HTTP/1.1" 200 113
INFO 2026-07-04 00:07:22,545 log "GET /api/users/ HTTP/1.1" 200 308
INFO 2026-07-04 00:08:38,448 log "PUT /api/users/3/ HTTP/1.1" 200 113
INFO 2026-07-04 00:08:38,956 log "GET /api/users/ HTTP/1.1" 200 308
INFO 2026-07-04 00:08:43,885 log "GET /api/products/ HTTP/1.1" 200 616
INFO 2026-07-04 00:08:46,916 log "GET /api/users/ HTTP/1.1" 200 308
INFO 2026-07-04 00:08:52,557 log "GET /api/products/ HTTP/1.1" 200 616
INFO 2026-07-04 00:10:22,200 log "GET /api/products/ HTTP/1.1" 200 616
INFO 2026-07-04 00:10:34,763 log "POST /api/auth/login/ HTTP/1.1" 200 489
INFO 2026-07-04 00:10:35,002 log "GET /api/users/3/ HTTP/1.1" 200 113
INFO 2026-07-04 00:10:35,448 log "GET /api/products/ HTTP/1.1" 200 616
INFO 2026-07-04 00:10:36,290 log "GET /api/products/ HTTP/1.1" 200 616
INFO 2026-07-04 00:10:39,231 log "GET /api/users/ HTTP/1.1" 200 308
INFO 2026-07-04 00:10:52,148 log "POST /api/auth/login/ HTTP/1.1" 200 489
WARNING 2026-07-04 00:10:52,265 log Forbidden: /api/users/2/
WARNING 2026-07-04 00:10:52,265 log "GET /api/users/2/ HTTP/1.1" 403 63
INFO 2026-07-04 00:11:04,252 log "POST /api/auth/login/ HTTP/1.1" 200 489
WARNING 2026-07-04 00:11:04,371 log Forbidden: /api/users/2/
WARNING 2026-07-04 00:11:04,371 log "GET /api/users/2/ HTTP/1.1" 403 63
WARNING 2026-07-04 00:13:01,018 log Unauthorized: /api/auth/login/
WARNING 2026-07-04 00:13:01,018 log "POST /api/auth/login/ HTTP/1.1" 401 63
INFO 2026-07-04 00:13:13,468 log "POST /api/auth/login/ HTTP/1.1" 200 489
WARNING 2026-07-04 00:13:13,656 log Forbidden: /api/users/2/
WARNING 2026-07-04 00:13:13,656 log "GET /api/users/2/ HTTP/1.1" 403 63
INFO 2026-07-04 00:13:14,625 log "GET /api/products/ HTTP/1.1" 200 616
INFO 2026-07-04 00:13:15,638 log "GET /api/products/ HTTP/1.1" 200 616
INFO 2026-07-04 00:13:24,942 log "GET /api/products/ HTTP/1.1" 200 616
INFO 2026-07-04 00:13:38,678 log "POST /api/sales/ HTTP/1.1" 201 509
INFO 2026-07-04 00:13:38,956 log "GET /api/products/ HTTP/1.1" 200 615
INFO 2026-07-04 00:13:48,338 log "POST /api/sales/ HTTP/1.1" 201 508
INFO 2026-07-04 00:13:48,596 log "GET /api/products/ HTTP/1.1" 200 615
INFO 2026-07-04 00:13:54,794 log "GET /api/products/ HTTP/1.1" 200 615
INFO 2026-07-04 00:14:07,209 log "POST /api/sales/ HTTP/1.1" 201 509
INFO 2026-07-04 00:14:07,516 log "GET /api/products/ HTTP/1.1" 200 615
INFO 2026-07-04 00:14:34,865 log "POST /api/auth/login/ HTTP/1.1" 200 489
INFO 2026-07-04 00:14:35,093 log "GET /api/users/1/ HTTP/1.1" 200 94
INFO 2026-07-04 00:14:35,607 log "GET /api/products/ HTTP/1.1" 200 615
INFO 2026-07-04 00:14:35,742 log "GET /api/products/ HTTP/1.1" 200 615
INFO 2026-07-04 00:14:40,436 log "GET /api/sales/ HTTP/1.1" 200 1478
INFO 2026-07-04 00:14:57,139 log "GET /api/products/ HTTP/1.1" 200 615
WARNING 2026-07-04 00:51:47,753 log Unauthorized: /api/products/
WARNING 2026-07-04 00:51:47,754 log "GET /api/products/ HTTP/1.1" 401 172
INFO 2026-07-04 00:51:57,789 log "POST /api/auth/login/ HTTP/1.1" 200 489
INFO 2026-07-04 00:51:58,047 log "GET /api/users/1/ HTTP/1.1" 200 94
INFO 2026-07-04 00:51:58,577 log "GET /api/products/ HTTP/1.1" 200 615
INFO 2026-07-04 00:51:59,568 log "GET /api/products/ HTTP/1.1" 200 615
